-------------------------------------------------------------------------------
      name:  <unnamed>
       log:  C:\Users\User\Documents\GRAD STATS LAB SEM 2\Soc211 Assignments\Re
> search Assignment 3\Research Assignment 3.log
  log type:  text
 opened on:   5 Mar 2024, 12:17:13
wrkslf   educ     race     rincome

-------------------------------------------------------------------------------
wrkslf                                         r self-emp or works for somebody
-------------------------------------------------------------------------------

                  Type: Numeric (byte)
                 Label: WRKSLF

                 Range: [1,2]                         Units: 1
         Unique values: 2                         Missing .: 0/2,348
       Unique mv codes: 3                        Missing .*: 87/2,348

            Tabulation: Freq.   Numeric  Label
                          232         1  self-employed
                        2,029         2  someone else
                            3        .d  don't know
                           77        .i  iap
                            7        .n  no answer

-------------------------------------------------------------------------------
educ                                           highest year of school completed
-------------------------------------------------------------------------------

                  Type: Numeric (byte)
                 Label: EDUC, but 20 nonmissing values are not labeled

                 Range: [0,20]                        Units: 1
         Unique values: 21                        Missing .: 0/2,348
       Unique mv codes: 2                        Missing .*: 3/2,348

              Examples: 12    
                        12    
                        14    
                        16    

-------------------------------------------------------------------------------
race                                                         race of respondent
-------------------------------------------------------------------------------

                  Type: Numeric (byte)
                 Label: RACE

                 Range: [1,3]                         Units: 1
         Unique values: 3                         Missing .: 0/2,348

            Tabulation: Freq.   Numeric  Label
                        1,693         1  white
                          385         2  black
                          270         3  other

-------------------------------------------------------------------------------
rincome                                                      respondents income
-------------------------------------------------------------------------------

                  Type: Numeric (byte)
                 Label: INCOME

                 Range: [1,12]                        Units: 1
         Unique values: 12                        Missing .: 0/2,348
       Unique mv codes: 3                        Missing .*: 985/2,348

              Examples: 12    $25,000 or more
                        12    $25,000 or more
                        .i    iap
                        .i    iap

           respondents income |      Freq.     Percent        Cum.
------------------------------+-----------------------------------
                 under $1,000 |         33        2.42        2.42
             $1,000 to $2,999 |         32        2.35        4.77
             $3,000 to $3,999 |         32        2.35        7.12
             $4,000 to $4,999 |         21        1.54        8.66
             $5,000 to $5,999 |         21        1.54       10.20
             $6,000 to $6,999 |         12        0.88       11.08
             $7,000 to $7,999 |         18        1.32       12.40
             $8,000 to $9,999 |         33        2.42       14.82
           $10,000 to $14,999 |         94        6.90       21.72
           $15,000 to $19,999 |         61        4.48       26.19
           $20,000 to $24,999 |        107        7.85       34.04
              $25,000 or more |        899       65.96      100.00
------------------------------+-----------------------------------
                        Total |      1,363      100.00
(2,348 missing values generated)
(33 real changes made)
(32 real changes made)
(32 real changes made)
(21 real changes made)
(21 real changes made)
(12 real changes made)
(18 real changes made)
(33 real changes made)
(94 real changes made)
(61 real changes made)
(107 real changes made)
(899 real changes made)

    inccont |      Freq.     Percent        Cum.
------------+-----------------------------------
        500 |         33        2.42        2.42
       2000 |         32        2.35        4.77
       3500 |         32        2.35        7.12
       4500 |         21        1.54        8.66
       5500 |         21        1.54       10.20
       6500 |         12        0.88       11.08
       7500 |         18        1.32       12.40
       9000 |         33        2.42       14.82
      12500 |         94        6.90       21.72
      17500 |         61        4.48       26.19
      22500 |        107        7.85       34.04
      50000 |        899       65.96      100.00
------------+-----------------------------------
      Total |      1,363      100.00

-------------------------------------------------------------------------------
wrkslf                                         r self-emp or works for somebody
-------------------------------------------------------------------------------

                  Type: Numeric (byte)
                 Label: WRKSLF

                 Range: [1,2]                         Units: 1
         Unique values: 2                         Missing .: 0/2,348
       Unique mv codes: 3                        Missing .*: 87/2,348

            Tabulation: Freq.   Numeric  Label
                          232         1  self-employed
                        2,029         2  someone else
                            3        .d  don't know
                           77        .i  iap
                            7        .n  no answer
(2,348 missing values generated)
(232 real changes made)
(2,029 real changes made)

     slfemp |      Freq.     Percent        Cum.
------------+-----------------------------------
          0 |      2,029       89.74       89.74
          1 |        232       10.26      100.00
------------+-----------------------------------
      Total |      2,261      100.00

             |  inccont   slfemp     educ     race
-------------+------------------------------------
     inccont |   1.0000 
      slfemp |  -0.0672   1.0000 
        educ |   0.2881   0.0305   1.0000 
        race |  -0.0895  -0.0113  -0.1471   1.0000 

--------------------------------------------
                      (1)             (2)   
                  Model 1         Model 2   
                     b/se            b/se   
--------------------------------------------
slfemp          -3925.563*      -4527.897** 
               (1579.964)      (1520.478)   
education                        1855.300***
                                (171.529)   
black                           -2775.620*  
                               (1311.095)   
other race                      -1106.149   
                               (1508.890)   
--------------------------------------------
R-Squared           0.005           0.091   
N                1363.000        1362.000   
--------------------------------------------
      name:  <unnamed>
       log:  C:\Users\User\Documents\GRAD STATS LAB SEM 2\Soc211 Assignments\Re
> search Assignment 3\Research Assignment 3.log
  log type:  text
 closed on:   5 Mar 2024, 12:17:39
-------------------------------------------------------------------------------
