-------------------------------------------------------------------------------
      name:  <unnamed>
       log:  C:\Users\User\Documents\GRAD STATS LAB SEM 2\Soc211 Assignments\Re
> search Assignment 3\week6\w6lesson_log20200227.log
  log type:  text
 opened on:  20 Feb 2024, 09:28:03

Contains data from GSS2018w6.dta
 Observations:         2,348                  
    Variables:             8                  26 Feb 2020 09:54
-------------------------------------------------------------------------------
Variable      Storage   Display    Value
    name         type    format    label      Variable label
-------------------------------------------------------------------------------
age             byte    %8.0g      AGE        Age of respondent
educ            byte    %8.0g      LABK       Highest year of school completed
paeduc          byte    %8.0g      LABK       Highest year school completed,
                                                father
sex             byte    %8.0g      SEX        Respondents sex
race            byte    %8.0g      RACE       Race of respondent
yearsjob        float   %9.0g      YEARSJOB   Time at current job
realrinc        double  %12.0g     LABIH      R's income in constant $
PASEI10         double  %12.0g     LABUS      R's father's socioeconomic index
                                                (2010)
-------------------------------------------------------------------------------
Sorted by: 

    Variable |        Obs        Mean    Std. dev.       Min        Max
-------------+---------------------------------------------------------
    realrinc |      1,363    24994.19    28881.51        227   151050.7
         age |      2,341    48.97138    18.06088         18         89
         sex |      2,348    1.551959    .4973989          1          2
        race |      2,348    1.393952    .6847894          1          3
        educ |      2,345    13.73177    2.974313          0         20
-------------+---------------------------------------------------------
    yearsjob |      1,415    7.739929    9.280934        .25         55
      paeduc |      1,687    11.88322    4.147774          0         20
(file browseGSS.csv not found)
variable realinc not found
r(111);

-------------------------------------------------------------------------------
realrinc                                               R's income in constant $
-------------------------------------------------------------------------------

                  Type: Numeric (double)
                 Label: LABIH, but 26 nonmissing values are not labeled

                 Range: [227,151050.72]               Units: .01
         Unique values: 26                        Missing .: 0/2,348
       Unique mv codes: 1                        Missing .*: 985/2,348

              Examples: 12485 
                        24970 
                        .i    IAP
                        .i    IAP
variable income not found
r(111);
'job' invalid observation number
r(198);

-------------------------------------------------------------------------------
yearsjob                                                    Time at current job
-------------------------------------------------------------------------------

                  Type: Numeric (float)
                 Label: YEARSJOB, but 49 nonmissing values are not labeled

                 Range: [.25,55]                      Units: .01
         Unique values: 49                        Missing .: 0/2,348
       Unique mv codes: 3                        Missing .*: 933/2,348

              Examples: 2     
                        8     
                        45    
                        .i    

-------------------------------------------------------------------------------
race                                                         Race of respondent
-------------------------------------------------------------------------------

                  Type: Numeric (byte)
                 Label: RACE

                 Range: [1,3]                         Units: 1
         Unique values: 3                         Missing .: 0/2,348

            Tabulation: Freq.   Numeric  Label
                        1,693         1  white
                          385         2  black
                          270         3  other

-------------------------------------------------------------------------------
sex                                                             Respondents sex
-------------------------------------------------------------------------------

                  Type: Numeric (byte)
                 Label: SEX

                 Range: [1,2]                         Units: 1
         Unique values: 2                         Missing .: 0/2,348

            Tabulation: Freq.   Numeric  Label
                        1,052         1  male
                        1,296         2  female
$ is not a valid command name
r(199);
age       educ      paeduc    sex       race      yearsjob  realrinc  PASEI10

      Source |       SS           df       MS      Number of obs   =     1,362
-------------+----------------------------------   F(2, 1359)      =     75.95
       Model |  1.1419e+11         2  5.7096e+10   Prob > F        =    0.0000
    Residual |  1.0217e+12     1,359   751783773   R-squared       =    0.1005
-------------+----------------------------------   Adj R-squared   =    0.0992
       Total |  1.1359e+12     1,361   834581390   Root MSE        =     27419

------------------------------------------------------------------------------
    realrinc | Coefficient  Std. err.      t    P>|t|     [95% conf. interval]
-------------+----------------------------------------------------------------
        race |   -3149.51    1079.86    -2.92   0.004    -5267.882   -1031.137
        educ |   2981.706   265.0273    11.25   0.000     2461.799    3501.613
       _cons |  -12678.77   4356.399    -2.91   0.004    -21224.77   -4132.778
------------------------------------------------------------------------------

      Source |       SS           df       MS      Number of obs   =     1,362
-------------+----------------------------------   F(2, 1359)      =     75.95
       Model |  1.1419e+11         2  5.7096e+10   Prob > F        =    0.0000
    Residual |  1.0217e+12     1,359   751783773   R-squared       =    0.1005
-------------+----------------------------------   Adj R-squared   =    0.0992
       Total |  1.1359e+12     1,361   834581390   Root MSE        =     27419

------------------------------------------------------------------------------
    realrinc | Coefficient  Std. err.      t    P>|t|     [95% conf. interval]
-------------+----------------------------------------------------------------
        race |   -3149.51    1079.86    -2.92   0.004    -5267.882   -1031.137
        educ |   2981.706   265.0273    11.25   0.000     2461.799    3501.613
       _cons |  -12678.77   4356.399    -2.91   0.004    -21224.77   -4132.778
------------------------------------------------------------------------------

      Source |       SS           df       MS      Number of obs   =     1,362
-------------+----------------------------------   F(3, 1358)      =     54.24
       Model |  1.2154e+11         3  4.0512e+10   Prob > F        =    0.0000
    Residual |  1.0143e+12     1,358   746929376   R-squared       =    0.1070
-------------+----------------------------------   Adj R-squared   =    0.1050
       Total |  1.1359e+12     1,361   834581390   Root MSE        =     27330

------------------------------------------------------------------------------
    realrinc | Coefficient  Std. err.      t    P>|t|     [95% conf. interval]
-------------+----------------------------------------------------------------
        race |
      black  |  -8490.141   2014.805    -4.21   0.000    -12442.61   -4537.672
      other  |  -3537.818   2325.875    -1.52   0.128    -8100.515    1024.879
             |
        educ |   3027.041   264.5656    11.44   0.000     2508.039    3546.043
       _cons |  -15915.53     3909.8    -4.07   0.000    -23585.43   -8245.623
------------------------------------------------------------------------------

      Source |       SS           df       MS      Number of obs   =     1,362
-------------+----------------------------------   F(4, 1357)      =     57.60
       Model |  1.6487e+11         4  4.1218e+10   Prob > F        =    0.0000
    Residual |  9.7099e+11     1,357   715543409   R-squared       =    0.1452
-------------+----------------------------------   Adj R-squared   =    0.1426
       Total |  1.1359e+12     1,361   834581390   Root MSE        =     26750

------------------------------------------------------------------------------
    realrinc | Coefficient  Std. err.      t    P>|t|     [95% conf. interval]
-------------+----------------------------------------------------------------
        race |
      black  |  -7376.746   1977.203    -3.73   0.000    -11255.45    -3498.04
      other  |  -3858.388   2276.856    -1.69   0.090    -8324.928    608.1521
             |
        educ |   3144.407   259.3862    12.12   0.000     2635.566    3653.248
             |
         sex |
     female  |  -11352.99   1458.799    -7.78   0.000    -14214.74   -8491.247
       _cons |  -11752.76   3863.976    -3.04   0.002    -19332.78    -4172.75
------------------------------------------------------------------------------

      Source |       SS           df       MS      Number of obs   =     1,011
-------------+----------------------------------   F(5, 1005)      =     28.91
       Model |  1.1712e+11         5  2.3423e+10   Prob > F        =    0.0000
    Residual |  8.1423e+11     1,005   810177038   R-squared       =    0.1258
-------------+----------------------------------   Adj R-squared   =    0.1214
       Total |  9.3134e+11     1,010   922123554   Root MSE        =     28464

------------------------------------------------------------------------------
    realrinc | Coefficient  Std. err.      t    P>|t|     [95% conf. interval]
-------------+----------------------------------------------------------------
        race |
      black  |  -6702.464   2850.186    -2.35   0.019    -12295.46   -1109.467
      other  |  -4008.071   2838.741    -1.41   0.158     -9578.61    1562.468
             |
        educ |   2974.558   349.9405     8.50   0.000      2287.86    3661.256
             |
         sex |
     female  |  -11489.34   1794.918    -6.40   0.000    -15011.56   -7967.126
      paeduc |   279.7201   258.7658     1.08   0.280    -228.0631    787.5033
       _cons |  -12287.59   5112.111    -2.40   0.016    -22319.23   -2255.954
------------------------------------------------------------------------------

      Source |       SS           df       MS      Number of obs   =       895
-------------+----------------------------------   F(6, 888)       =     30.21
       Model |  1.3436e+11         6  2.2394e+10   Prob > F        =    0.0000
    Residual |  6.5825e+11       888   741275950   R-squared       =    0.1695
-------------+----------------------------------   Adj R-squared   =    0.1639
       Total |  7.9262e+11       894   886594313   Root MSE        =     27226

------------------------------------------------------------------------------
    realrinc | Coefficient  Std. err.      t    P>|t|     [95% conf. interval]
-------------+----------------------------------------------------------------
        race |
      black  |   -5327.97   2947.046    -1.81   0.071    -11111.96    456.0186
      other  |   -1256.37    2892.03    -0.43   0.664    -6932.381    4419.641
             |
        educ |   2622.082   354.6384     7.39   0.000     1926.055     3318.11
             |
         sex |
     female  |  -9842.406   1836.612    -5.36   0.000    -13447.01     -6237.8
      paeduc |   649.8483   261.9322     2.48   0.013     135.7699    1163.927
    yearsjob |   656.7797    97.6089     6.73   0.000     465.2087    848.3508
       _cons |  -18221.03   5266.071    -3.46   0.001    -28556.43   -7885.632
------------------------------------------------------------------------------
checking estout consistency and verifying not already installed...
all files already exist and are up to date.

--------------------------------------------
                      (1)             (2)   
                  Model 1         Model 2   
                     b/se            b/se   
--------------------------------------------
educ             3121.341***     3027.041***
                (261.385)       (264.566)   
black                           -8490.141***
                               (2014.805)   
other race                      -3537.818   
                               (2325.875)   
--------------------------------------------
R-Sqaured           0.095           0.107   
N                1362.000        1362.000   
--------------------------------------------

--------------------------------------------
                      (1)             (2)   
                  Model 1         Model 2   
                     b/se            b/se   
--------------------------------------------
educ             3246.502***     3144.407***
                (256.003)       (259.386)   
female         -11698.500***   -11352.993***
               (1461.240)      (1458.799)   
black                           -7376.746***
                               (1977.203)   
other race                      -3858.388   
                               (2276.856)   
--------------------------------------------
R-Sqaured           0.136           0.145   
N                1362.000        1362.000   
--------------------------------------------

   Time at current |
               job |      Freq.     Percent        Cum.
-------------------+-----------------------------------
               .25 |        171        7.28        7.28
               .75 |        151        6.43       13.71
                 1 |         99        4.22       17.93
                 2 |        154        6.56       24.49
                 3 |        106        4.51       29.00
                 4 |         79        3.36       32.37
                 5 |         81        3.45       35.82
                 6 |         43        1.83       37.65
                 7 |         28        1.19       38.84
                 8 |         41        1.75       40.59
                 9 |         31        1.32       41.91
                10 |         59        2.51       44.42
                11 |         30        1.28       45.70
                12 |         29        1.24       46.93
                13 |         18        0.77       47.70
                14 |         21        0.89       48.59
                15 |         36        1.53       50.13
                16 |         20        0.85       50.98
                17 |         15        0.64       51.62
                18 |         24        1.02       52.64
                19 |          8        0.34       52.98
                20 |         29        1.24       54.22
                21 |         11        0.47       54.68
                22 |         10        0.43       55.11
                23 |         10        0.43       55.54
                24 |          6        0.26       55.79
                25 |         21        0.89       56.69
                26 |          7        0.30       56.98
                27 |          7        0.30       57.28
                28 |          6        0.26       57.54
                29 |          2        0.09       57.62
                30 |         11        0.47       58.09
                31 |          5        0.21       58.30
                32 |          2        0.09       58.39
                33 |          2        0.09       58.48
                34 |          5        0.21       58.69
                35 |          9        0.38       59.07
                36 |          1        0.04       59.11
                37 |          5        0.21       59.33
                38 |          3        0.13       59.45
                39 |          1        0.04       59.50
                40 |          6        0.26       59.75
                41 |          1        0.04       59.80
                43 |          3        0.13       59.92
                45 |          4        0.17       60.09
                48 |          1        0.04       60.14
                49 |          1        0.04       60.18
                51 |          1        0.04       60.22
                55 |          1        0.04       60.26
         DONT KNOW |          2        0.09       60.35
                .i |        900       38.33       98.68
                .n |         31        1.32      100.00
-------------------+-----------------------------------
             Total |      2,348      100.00

--------------------------------------------
                      (1)             (2)   
                  Model 1         Model 2   
                     b/se            b/se   
--------------------------------------------
educ             3246.502***     2977.607***
                (256.003)       (266.570)   
female         -11698.500***   -10204.734***
               (1461.240)      (1495.711)   
black                           -5962.956** 
                               (2053.480)   
other race                      -2995.367   
                               (2307.763)   
yearsjob                          646.378***
                                 (79.966)   
--------------------------------------------
R-Sqaured           0.136           0.193   
N                1362.000        1198.000   
--------------------------------------------
