-------------------------------------------------------------------------------
      name:  <unnamed>
       log:  C:\Users\User\Documents\GRAD STATS LAB SEM 2\Soc211 Assignments\Re
> search Project Assignment 5\Researchassignment5.log
  log type:  text
 opened on:  16 Apr 2024, 12:27:32

-------------------------------------------------------------------------------
natenvir                                     improving & protecting environment
-------------------------------------------------------------------------------

                  Type: Numeric (byte)
                 Label: NATSPEND

                 Range: [1,3]                         Units: 1
         Unique values: 3                         Missing .: 0/2,348
       Unique mv codes: 3                        Missing .*: 1,191/2,348

            Tabulation: Freq.   Numeric  Label
                          790         1  too little
                          284         2  about right
                           83         3  too much
                           30        .d  don't know
                        1,160        .i  iap
                            1        .n  no answer
(2,348 missing values generated)
(790 real changes made)
(284 real changes made)
(83 real changes made)

   envspend |      Freq.     Percent        Cum.
------------+-----------------------------------
          0 |        367       31.72       31.72
          1 |        790       68.28      100.00
------------+-----------------------------------
      Total |      1,157      100.00

-------------------------------------------------------------------------------
partyid                                             political party affiliation
-------------------------------------------------------------------------------

                  Type: Numeric (byte)
                 Label: PARTYID

                 Range: [0,7]                         Units: 1
         Unique values: 8                         Missing .: 0/2,348
       Unique mv codes: 1                        Missing .*: 33/2,348

            Tabulation: Freq.   Numeric  Label
                          379         0  strong democrat
                          352         1  not very strong democrat
                          307         2  independent, close to democrat
                          414         3  independent (neither, no
                                         response)
                          259         4  independent, close to
                                         republican
                          272         5  not very strong republican
                          255         6  strong republican
                           77         7  other party
                           33        .n  no answer
(2,348 missing values generated)
(379 real changes made)
(352 real changes made)
(307 real changes made)
(414 real changes made)
(259 real changes made)
(272 real changes made)
(255 real changes made)
(77 real changes made)

-------------------------------------------------------------------------------
partygrps                                                           (unlabeled)
-------------------------------------------------------------------------------

                  Type: Numeric (float)
                 Label: partygrps

                 Range: [1,4]                         Units: 1
         Unique values: 4                         Missing .: 33/2,348

            Tabulation: Freq.   Numeric  Label
                        1,038         1  Left-leaning
                          414         2  Independent
                          786         3  Right-leaning
                           77         4  Other
                           33         .  

+-------------------+
| Key               |
|-------------------|
|     frequency     |
| column percentage |
+-------------------+

           |                  partygrps
  envspend | Left-lean  Independe  Right-lea      Other |     Total
-----------+--------------------------------------------+----------
         0 |        97         65        188         15 |       365 
           |     19.48      30.23      47.12      45.45 |     31.88 
-----------+--------------------------------------------+----------
         1 |       401        150        211         18 |       780 
           |     80.52      69.77      52.88      54.55 |     68.12 
-----------+--------------------------------------------+----------
     Total |       498        215        399         33 |     1,145 
           |    100.00     100.00     100.00     100.00 |    100.00 

Linear regression                               Number of obs     =      1,145
                                                F(3, 1141)        =      28.24
                                                Prob > F          =     0.0000
                                                R-squared         =     0.0707
                                                Root MSE          =        .45

------------------------------------------------------------------------------
             |               Robust
    envspend | Coefficient  std. err.      t    P>|t|     [95% conf. interval]
-------------+----------------------------------------------------------------
   partygrps |
Independent  |  -.1075465   .0360629    -2.98   0.003    -.1783034   -.0367895
Right-lea~g  |  -.2763988   .0307037    -9.00   0.000    -.3366409   -.2161568
      Other  |  -.2597663   .0886314    -2.93   0.003    -.4336652   -.0858675
             |
       _cons |   .8052209   .0177776    45.29   0.000     .7703404    .8401014
------------------------------------------------------------------------------
(est1 stored)

Iteration 0:  Log pseudolikelihood = -716.70631  
Iteration 1:  Log pseudolikelihood = -676.43952  
Iteration 2:  Log pseudolikelihood = -675.95001  
Iteration 3:  Log pseudolikelihood = -675.94981  
Iteration 4:  Log pseudolikelihood = -675.94981  

Logistic regression                                     Number of obs =  1,145
                                                        Wald chi2(3)  =  77.35
                                                        Prob > chi2   = 0.0000
Log pseudolikelihood = -675.94981                       Pseudo R2     = 0.0569

------------------------------------------------------------------------------
             |               Robust
    envspend | Coefficient  std. err.      z    P>|z|     [95% conf. interval]
-------------+----------------------------------------------------------------
   partygrps |
Independent  |  -.5830024   .1867747    -3.12   0.002    -.9490741   -.2169307
Right-lea~g  |  -1.303834   .1512664    -8.62   0.000    -1.600311   -1.007358
      Other  |  -1.236929   .3676184    -3.36   0.001    -1.957448     -.51641
             |
       _cons |    1.41925      .1132    12.54   0.000     1.197383    1.641118
------------------------------------------------------------------------------
(est2 stored)

Unexpontiated coefficients
---------------------------------------------------------------
                      (1)              (2)              (3)    
                      OLS     MLE / logi~c     MLE margin~s    
---------------------------------------------------------------
main                                                           
Independent         -0.11 **         -0.58 **         -0.11 ** 
                   (0.04)           (0.19)           (0.04)    
Right-lean~g        -0.28 ***        -1.30 ***        -0.28 ***
                   (0.03)           (0.15)           (0.03)    
Other               -0.26 **         -1.24 ***        -0.26 ** 
                   (0.09)           (0.37)           (0.09)    
---------------------------------------------------------------
N                    1145             1145             1145    
---------------------------------------------------------------
^ p<.1, * p<.05, ** p<.01, *** p<.001

Odds ratio
---------------------------------------------------------------
                      (1)              (2)              (3)    
                      OLS     MLE / logi~c     MLE margin~s    
---------------------------------------------------------------
main                                                           
Independent          0.90 **          0.56 **          0.90 ** 
                   (0.03)           (0.10)           (0.03)    
Right-lean~g         0.76 ***         0.27 ***         0.76 ***
                   (0.02)           (0.04)           (0.02)    
Other                0.77 **          0.29 ***         0.77 ** 
                   (0.07)           (0.11)           (0.07)    
---------------------------------------------------------------
N                    1145             1145             1145    
---------------------------------------------------------------
Exponentiated coefficients
^ p<.1, * p<.05, ** p<.01, *** p<.001
