-------------------------------------------------------------------------------
      name:  <unnamed>
       log:  C:\Users\User\Documents\GRAD STATS LAB SEM 2\Soc211 Assignments\Pr
> oblem set 3\Problem Set 3.log
  log type:  text
 opened on:   4 Mar 2024, 14:26:23
age      educ     usetech

       highest year of school |
                    completed |      Freq.     Percent        Cum.
------------------------------+-----------------------------------
          no formal schooling |          4        0.17        0.17
                            1 |          2        0.09        0.26
                            2 |          4        0.17        0.43
                            3 |         10        0.43        0.85
                            4 |          5        0.21        1.07
                            5 |          3        0.13        1.19
                            6 |         20        0.85        2.05
                            7 |          8        0.34        2.39
                            8 |         35        1.49        3.88
                            9 |         51        2.17        6.06
                           10 |         65        2.77        8.83
                           11 |         95        4.05       12.88
                           12 |        657       28.02       40.90
                           13 |        183        7.80       48.70
                           14 |        313       13.35       62.05
                           15 |        127        5.42       67.46
                           16 |        430       18.34       85.80
                           17 |         97        4.14       89.94
                           18 |        119        5.07       95.01
                           19 |         45        1.92       96.93
                           20 |         72        3.07      100.00
------------------------------+-----------------------------------
                        Total |      2,345      100.00
(79 missing values generated)

    Variable |        Obs        Mean    Std. dev.       Min        Max
-------------+---------------------------------------------------------
      educat |      2,269    12.37726     3.21901          1         16

     educat |      Freq.     Percent        Cum.
------------+-----------------------------------
          1 |         24        1.06        1.06
          6 |        274       12.08       13.13
         12 |      1,280       56.41       69.55
         16 |        691       30.45      100.00
------------+-----------------------------------
      Total |      2,269      100.00

-------------------------------------------------------------------------------
usetech                                             percentage of time use tech
-------------------------------------------------------------------------------

                  Type: Numeric (float)
                 Label: COUNTMISS, but 53 nonmissing values are not labeled

                 Range: [0,100]                       Units: .1
         Unique values: 53                        Missing .: 0/2,348
       Unique mv codes: 3                        Missing .*: 936/2,348

              Examples: 30    
                        85    
                        100   
                        .i    iap

      Source |       SS           df       MS      Number of obs   =     1,362
-------------+----------------------------------   F(3, 1358)      =     51.07
       Model |  199207.458         3  66402.4858   Prob > F        =    0.0000
    Residual |  1765777.24     1,358  1300.27779   R-squared       =    0.1014
-------------+----------------------------------   Adj R-squared   =    0.0994
       Total |  1964984.69     1,361  1443.78008   Root MSE        =    36.059

------------------------------------------------------------------------------
     usetech | Coefficient  Std. err.      t    P>|t|     [95% conf. interval]
-------------+----------------------------------------------------------------
      educat |
          6  |   26.94048   10.89386     2.47   0.014     5.569859    48.31109
         12  |   46.68781    10.4925     4.45   0.000     26.10454    67.27107
         16  |   64.09439   10.54011     6.08   0.000     43.41772    84.77105
             |
       _cons |   4.166667   10.40944     0.40   0.689    -16.25366      24.587
------------------------------------------------------------------------------

Variables that uniquely identify margins: educat

--------------------------------------------
                      (1)             (2)   
                  usetech         usetech   
                     b/se            b/se   
--------------------------------------------
educat              3.918***                
                  (0.318)                   
6.educat                           26.940*  
                                 (10.894)   
12.educat                          46.688***
                                 (10.492)   
16.educat                          64.094***
                                 (10.540)   
_cons               4.765           4.167   
                  (4.171)        (10.409)   
--------------------------------------------
R-Sqaured           0.100           0.101   
N                1362.000        1362.000   
--------------------------------------------

            age of respondent |      Freq.     Percent        Cum.
------------------------------+-----------------------------------
                           18 |         22        0.94        0.94
                           19 |         26        1.11        2.05
                           20 |         15        0.64        2.69
                           21 |         27        1.15        3.84
                           22 |         40        1.71        5.55
                           23 |         29        1.24        6.79
                           24 |         38        1.62        8.42
                           25 |         43        1.84       10.25
                           26 |         31        1.32       11.58
                           27 |         39        1.67       13.24
                           28 |         45        1.92       15.16
                           29 |         43        1.84       17.00
                           30 |         50        2.14       19.14
                           31 |         34        1.45       20.59
                           32 |         43        1.84       22.43
                           33 |         42        1.79       24.22
                           34 |         65        2.78       27.00
                           35 |         40        1.71       28.71
                           36 |         40        1.71       30.41
                           37 |         43        1.84       32.25
                           38 |         38        1.62       33.87
                           39 |         55        2.35       36.22
                           40 |         41        1.75       37.98
                           41 |         40        1.71       39.68
                           42 |         40        1.71       41.39
                           43 |         39        1.67       43.06
                           44 |         40        1.71       44.77
                           45 |         29        1.24       46.01
                           46 |         42        1.79       47.80
                           47 |         30        1.28       49.08
                           48 |         33        1.41       50.49
                           49 |         31        1.32       51.82
                           50 |         37        1.58       53.40
                           51 |         41        1.75       55.15
                           52 |         29        1.24       56.39
                           53 |         48        2.05       58.44
                           54 |         35        1.50       59.93
                           55 |         48        2.05       61.98
                           56 |         50        2.14       64.12
                           57 |         39        1.67       65.78
                           58 |         37        1.58       67.36
                           59 |         46        1.96       69.33
                           60 |         46        1.96       71.29
                           61 |         39        1.67       72.96
                           62 |         24        1.03       73.99
                           63 |         37        1.58       75.57
                           64 |         33        1.41       76.98
                           65 |         39        1.67       78.64
                           66 |         36        1.54       80.18
                           67 |         27        1.15       81.33
                           68 |         39        1.67       83.00
                           69 |         41        1.75       84.75
                           70 |         45        1.92       86.67
                           71 |         33        1.41       88.08
                           72 |         22        0.94       89.02
                           73 |         20        0.85       89.88
                           74 |         29        1.24       91.11
                           75 |         23        0.98       92.10
                           76 |         19        0.81       92.91
                           77 |         28        1.20       94.11
                           78 |         11        0.47       94.57
                           79 |          9        0.38       94.96
                           80 |         12        0.51       95.47
                           81 |          9        0.38       95.86
                           82 |         12        0.51       96.37
                           83 |          7        0.30       96.67
                           84 |         10        0.43       97.10
                           85 |         12        0.51       97.61
                           86 |         14        0.60       98.21
                           87 |          5        0.21       98.42
                           88 |          8        0.34       98.76
                  89 or older |         29        1.24      100.00
------------------------------+-----------------------------------
                        Total |      2,341      100.00
(7 missing values generated)

      Source |       SS           df       MS      Number of obs   =     1,406
-------------+----------------------------------   F(1, 1404)      =      6.94
       Model |  9873.33502         1  9873.33502   Prob > F        =    0.0085
    Residual |  1998745.09     1,404  1423.60761   R-squared       =    0.0049
-------------+----------------------------------   Adj R-squared   =    0.0042
       Total |  2008618.43     1,405  1429.62166   Root MSE        =    37.731

------------------------------------------------------------------------------
     usetech | Coefficient  Std. err.      t    P>|t|     [95% conf. interval]
-------------+----------------------------------------------------------------
         age |  -.1864417   .0707956    -2.63   0.009    -.3253182   -.0475651
       _cons |    63.2671   3.253332    19.45   0.000     56.88518    69.64901
------------------------------------------------------------------------------
(est1 stored)
(option xb assumed; fitted values)
(7 missing values generated)

      Source |       SS           df       MS      Number of obs   =     1,406
-------------+----------------------------------   F(2, 1403)      =      6.37
       Model |  18086.5305         2  9043.26525   Prob > F        =    0.0018
    Residual |   1990531.9     1,403  1418.76828   R-squared       =    0.0090
-------------+----------------------------------   Adj R-squared   =    0.0076
       Total |  2008618.43     1,405  1429.62166   Root MSE        =    37.667

------------------------------------------------------------------------------
     usetech | Coefficient  Std. err.      t    P>|t|     [95% conf. interval]
-------------+----------------------------------------------------------------
         age |   .7980867   .4152513     1.92   0.055    -.0164936    1.612667
        age2 |  -.0107385   .0044632    -2.41   0.016    -.0194937   -.0019833
       _cons |   42.91972   9.059047     4.74   0.000     25.14898    60.69045
------------------------------------------------------------------------------
(est2 stored)
(option xb assumed; fitted values)
(7 missing values generated)

--------------------------------------------
                      (1)             (2)   
                  usetech         usetech   
                     b/se            b/se   
--------------------------------------------
age                -0.186**         0.798   
                  (0.071)         (0.415)   
age2                               -0.011*  
                                  (0.004)   
_cons              63.267***       42.920***
                  (3.253)         (9.059)   
--------------------------------------------
R-Sqaured           0.005           0.009   
N                1406.000        1406.000   
--------------------------------------------
(1,112 missing values generated)

      Source |       SS           df       MS      Number of obs   =     1,406
-------------+----------------------------------   F(1, 1404)      =      6.94
       Model |  9873.33502         1  9873.33502   Prob > F        =    0.0085
    Residual |  1998745.09     1,404  1423.60761   R-squared       =    0.0049
-------------+----------------------------------   Adj R-squared   =    0.0042
       Total |  2008618.43     1,405  1429.62166   Root MSE        =    37.731

------------------------------------------------------------------------------
     usetech | Coefficient  Std. err.      t    P>|t|     [95% conf. interval]
-------------+----------------------------------------------------------------
         age |  -.1864417   .0707956    -2.63   0.009    -.3253182   -.0475651
       _cons |    63.2671   3.253332    19.45   0.000     56.88518    69.64901
------------------------------------------------------------------------------
(est1 stored)
(7 missing values generated)

      Source |       SS           df       MS      Number of obs   =     1,231
-------------+----------------------------------   F(1, 1229)      =      4.88
       Model |  4.95408154         1  4.95408154   Prob > F        =    0.0274
    Residual |  1248.89701     1,229  1.01618959   R-squared       =    0.0040
-------------+----------------------------------   Adj R-squared   =    0.0031
       Total |  1253.85109     1,230  1.01939113   Root MSE        =    1.0081

------------------------------------------------------------------------------
   usetechln | Coefficient  Std. err.      t    P>|t|     [95% conf. interval]
-------------+----------------------------------------------------------------
         age |  -.0045496   .0020605    -2.21   0.027    -.0085921    -.000507
       _cons |   4.030596   .0941444    42.81   0.000     3.845895    4.215298
------------------------------------------------------------------------------
(est2 stored)
(7 missing values generated)
(2,341 real changes made)

--------------------------------------------
                      (1)             (2)   
                  usetech       usetechln   
                     b/se            b/se   
--------------------------------------------
age                -0.186**        -0.005*  
                  (0.071)         (0.002)   
_cons              63.267***        4.031***
                  (3.253)         (0.094)   
--------------------------------------------
R-Sqaured           0.005           0.004   
N                1406.000        1231.000   
--------------------------------------------
